This file contains any messages produced by compilers while
running configure, to aid debugging if configure makes a mistake.

It was created by example configure 0.1, which was
generated by GNU Autoconf 2.69.  Invocation command line was

  $ ./configure 

## --------- ##
## Platform. ##
## --------- ##

hostname = desktop
uname -m = x86_64
uname -r = 4.12.8-1-ARCH
uname -s = Linux
uname -v = #1 SMP PREEMPT Thu Aug 17 08:37:20 CEST 2017

/usr/bin/uname -p = unknown
/bin/uname -X     = unknown

/bin/arch              = unknown
/usr/bin/arch -k       = unknown
/usr/convex/getsysinfo = unknown
/usr/bin/hostinfo      = unknown
/bin/machine           = unknown
/usr/bin/oslevel       = unknown
/bin/universe          = unknown

PATH: /usr/lib/emscripten/system/bin
PATH: /usr/local/sbin
PATH: /usr/local/bin
PATH: /usr/bin
PATH: /usr/lib/emscripten
PATH: /usr/lib/jvm/default/bin
PATH: /usr/bin/site_perl
PATH: /usr/bin/vendor_perl
PATH: /usr/bin/core_perl
PATH: /home/lucas/dev/npm/node_modules/.bin


## ----------- ##
## Core tests. ##
## ----------- ##

configure:2121: checking for a BSD-compatible install
configure:2189: result: /usr/bin/install -c
configure:2200: checking whether build environment is sane
configure:2255: result: yes
configure:2406: checking for a thread-safe mkdir -p
configure:2445: result: /usr/bin/mkdir -p
configure:2452: checking for gawk
configure:2468: found /usr/bin/gawk
configure:2479: result: gawk
configure:2490: checking whether make sets $(MAKE)
configure:2512: result: yes
configure:2541: checking whether make supports nested variables
configure:2558: result: yes
configure:2732: checking for gcc
configure:2759: result: /usr/lib/emscripten/emcc
configure:2988: checking for C compiler version
configure:2997: /usr/lib/emscripten/emcc --version >&5
emcc (Emscripten gcc/clang-like replacement) 1.37.18 ()
Copyright (C) 2014 the Emscripten authors (see AUTHORS.txt)
This is free and open source software under the MIT license.
There is NO warranty; not even for MERCHANTABILITY or FITNESS FOR A PARTICULAR PURPOSE.
  
configure:3008: $? = 0
configure:2997: /usr/lib/emscripten/emcc -v >&5
emcc (Emscripten gcc/clang-like replacement + linker emulating GNU ld) 1.37.18
clang version 4.0.0  (emscripten 1.37.18 : 1.37.18)
Target: x86_64-unknown-linux-gnu
Thread model: posix
InstalledDir: /usr/lib/emscripten-fastcomp
Found candidate GCC installation: /usr/lib/gcc/x86_64-pc-linux-gnu/7.1.1
Found candidate GCC installation: /usr/lib64/gcc/x86_64-pc-linux-gnu/7.1.1
Selected GCC installation: /usr/lib64/gcc/x86_64-pc-linux-gnu/7.1.1
Candidate multilib: .;@m64
Selected multilib: .;@m64
INFO:root:(Emscripten: Running sanity checks)
... rest of stderr output deleted ...
configure:3008: $? = 0
configure:2997: /usr/lib/emscripten/emcc -V >&5
ERROR:root:no input files
note that input files without a known suffix are ignored, make sure your input files end with one of: ('.c', '.C', '.i', '.cpp', '.cxx', '.cc', '.c++', '.CPP', '.CXX', '.CC', '.C++', '.ii', '.m', '.mi', '.mm', '.mii', '/dev/null', '.bc', '.o', '.obj', '.lo', '.dylib', '.so', '.a', '.ll', '.h', '.hxx', '.hpp', '.hh', '.H', '.HXX', '.HPP', '.HH')
configure:3008: $? = 1
configure:2997: /usr/lib/emscripten/emcc -qversion >&5
ERROR:root:no input files
note that input files without a known suffix are ignored, make sure your input files end with one of: ('.c', '.C', '.i', '.cpp', '.cxx', '.cc', '.c++', '.CPP', '.CXX', '.CC', '.C++', '.ii', '.m', '.mi', '.mm', '.mii', '/dev/null', '.bc', '.o', '.obj', '.lo', '.dylib', '.so', '.a', '.ll', '.h', '.hxx', '.hpp', '.hh', '.H', '.HXX', '.HPP', '.HH')
configure:3008: $? = 1
configure:3028: checking whether the C compiler works
configure:3050: /usr/lib/emscripten/emcc    conftest.c  >&5
configure:3054: $? = 0
configure:3102: result: yes
configure:3105: checking for C compiler default output file name
configure:3107: result: a.out
configure:3113: checking for suffix of executables
configure:3120: /usr/lib/emscripten/emcc -o conftest    conftest.c  >&5
configure:3124: $? = 0
configure:3146: result: 
configure:3168: checking whether we are cross compiling
configure:3176: /usr/lib/emscripten/emcc -o conftest    conftest.c  >&5
configure:3180: $? = 0
configure:3187: ./conftest
configure:3191: $? = 0
configure:3206: result: no
configure:3211: checking for suffix of object files
configure:3233: /usr/lib/emscripten/emcc -c   conftest.c >&5
configure:3237: $? = 0
configure:3258: result: o
configure:3262: checking whether we are using the GNU C compiler
configure:3281: /usr/lib/emscripten/emcc -c   conftest.c >&5
configure:3281: $? = 0
configure:3290: result: yes
configure:3299: checking whether /usr/lib/emscripten/emcc accepts -g
configure:3319: /usr/lib/emscripten/emcc -c -g  conftest.c >&5
configure:3319: $? = 0
configure:3360: result: yes
configure:3377: checking for /usr/lib/emscripten/emcc option to accept ISO C89
configure:3440: /usr/lib/emscripten/emcc  -c   conftest.c >&5
configure:3440: $? = 0
configure:3453: result: none needed
configure:3478: checking whether /usr/lib/emscripten/emcc understands -c and -o together
configure:3500: /usr/lib/emscripten/emcc -c conftest.c -o conftest2.o
configure:3503: $? = 0
configure:3500: /usr/lib/emscripten/emcc -c conftest.c -o conftest2.o
configure:3503: $? = 0
configure:3515: result: yes
configure:3543: checking for style of include used by make
configure:3571: result: GNU
configure:3597: checking dependency style of /usr/lib/emscripten/emcc
configure:3708: result: gcc3
configure:3724: checking for  in -llibcss
configure:3749: /usr/lib/emscripten/emcc -o conftest    conftest.c -llibcss   >&5
WARNING:root:emcc: cannot find library "libcss"
conftest.c:18:8: error: expected identifier or '('
char  ();
       ^
conftest.c:22:10: error: expected expression
return  ();
         ^
2 errors generated.
ERROR:root:compiler frontend failed to generate LLVM bitcode, halting
configure:3749: $? = 1
configure: failed program was:
| /* confdefs.h */
| #define PACKAGE_NAME "example"
| #define PACKAGE_TARNAME "example"
| #define PACKAGE_VERSION "0.1"
| #define PACKAGE_STRING "example 0.1"
| #define PACKAGE_BUGREPORT "lcneves@gmail.com"
| #define PACKAGE_URL ""
| #define PACKAGE "example"
| #define VERSION "0.1"
| /* end confdefs.h.  */
| 
| /* Override any GCC internal prototype to avoid an error.
|    Use char because int might match the return type of a GCC
|    builtin and then its argument prototype would still apply.  */
| #ifdef __cplusplus
| extern "C"
| #endif
| char  ();
| int
| main ()
| {
| return  ();
|   ;
|   return 0;
| }
configure:3758: result: no
configure:3774: checking how to run the C preprocessor
configure:3805: /usr/lib/emscripten/emcc -E  conftest.c
configure:3805: $? = 0
configure:3819: /usr/lib/emscripten/emcc -E  conftest.c
conftest.c:11:10: fatal error: 'ac_nonexistent.h' file not found
#include <ac_nonexistent.h>
         ^~~~~~~~~~~~~~~~~~
1 error generated.
configure:3819: $? = 1
configure: failed program was:
| /* confdefs.h */
| #define PACKAGE_NAME "example"
| #define PACKAGE_TARNAME "example"
| #define PACKAGE_VERSION "0.1"
| #define PACKAGE_STRING "example 0.1"
| #define PACKAGE_BUGREPORT "lcneves@gmail.com"
| #define PACKAGE_URL ""
| #define PACKAGE "example"
| #define VERSION "0.1"
| /* end confdefs.h.  */
| #include <ac_nonexistent.h>
configure:3844: result: /usr/lib/emscripten/emcc -E
configure:3864: /usr/lib/emscripten/emcc -E  conftest.c
configure:3864: $? = 0
configure:3878: /usr/lib/emscripten/emcc -E  conftest.c
conftest.c:11:10: fatal error: 'ac_nonexistent.h' file not found
#include <ac_nonexistent.h>
         ^~~~~~~~~~~~~~~~~~
1 error generated.
configure:3878: $? = 1
configure: failed program was:
| /* confdefs.h */
| #define PACKAGE_NAME "example"
| #define PACKAGE_TARNAME "example"
| #define PACKAGE_VERSION "0.1"
| #define PACKAGE_STRING "example 0.1"
| #define PACKAGE_BUGREPORT "lcneves@gmail.com"
| #define PACKAGE_URL ""
| #define PACKAGE "example"
| #define VERSION "0.1"
| /* end confdefs.h.  */
| #include <ac_nonexistent.h>
configure:3907: checking for grep that handles long lines and -e
configure:3965: result: /usr/bin/grep
configure:3970: checking for egrep
configure:4032: result: /usr/bin/grep -E
configure:4037: checking for ANSI C header files
configure:4057: /usr/lib/emscripten/emcc -c   conftest.c >&5
configure:4057: $? = 0
configure:4130: /usr/lib/emscripten/emcc -o conftest    conftest.c  >&5
configure:4130: $? = 0
configure:4130: ./conftest
configure:4130: $? = 0
configure:4141: result: yes
configure:4154: checking for sys/types.h
configure:4154: /usr/lib/emscripten/emcc -c   conftest.c >&5
configure:4154: $? = 0
configure:4154: result: yes
configure:4154: checking for sys/stat.h
configure:4154: /usr/lib/emscripten/emcc -c   conftest.c >&5
configure:4154: $? = 0
configure:4154: result: yes
configure:4154: checking for stdlib.h
configure:4154: /usr/lib/emscripten/emcc -c   conftest.c >&5
configure:4154: $? = 0
configure:4154: result: yes
configure:4154: checking for string.h
configure:4154: /usr/lib/emscripten/emcc -c   conftest.c >&5
configure:4154: $? = 0
configure:4154: result: yes
configure:4154: checking for memory.h
configure:4154: /usr/lib/emscripten/emcc -c   conftest.c >&5
configure:4154: $? = 0
configure:4154: result: yes
configure:4154: checking for strings.h
configure:4154: /usr/lib/emscripten/emcc -c   conftest.c >&5
configure:4154: $? = 0
configure:4154: result: yes
configure:4154: checking for inttypes.h
configure:4154: /usr/lib/emscripten/emcc -c   conftest.c >&5
configure:4154: $? = 0
configure:4154: result: yes
configure:4154: checking for stdint.h
configure:4154: /usr/lib/emscripten/emcc -c   conftest.c >&5
configure:4154: $? = 0
configure:4154: result: yes
configure:4154: checking for unistd.h
configure:4154: /usr/lib/emscripten/emcc -c   conftest.c >&5
configure:4154: $? = 0
configure:4154: result: yes
configure:4168: checking libcss/libcss.h usability
configure:4168: /usr/lib/emscripten/emcc -c   conftest.c >&5
conftest.c:54:10: fatal error: 'libcss/libcss.h' file not found
#include <libcss/libcss.h>
         ^~~~~~~~~~~~~~~~~
1 error generated.
ERROR:root:compiler frontend failed to generate LLVM bitcode, halting
configure:4168: $? = 1
configure: failed program was:
| /* confdefs.h */
| #define PACKAGE_NAME "example"
| #define PACKAGE_TARNAME "example"
| #define PACKAGE_VERSION "0.1"
| #define PACKAGE_STRING "example 0.1"
| #define PACKAGE_BUGREPORT "lcneves@gmail.com"
| #define PACKAGE_URL ""
| #define PACKAGE "example"
| #define VERSION "0.1"
| #define STDC_HEADERS 1
| #define HAVE_SYS_TYPES_H 1
| #define HAVE_SYS_STAT_H 1
| #define HAVE_STDLIB_H 1
| #define HAVE_STRING_H 1
| #define HAVE_MEMORY_H 1
| #define HAVE_STRINGS_H 1
| #define HAVE_INTTYPES_H 1
| #define HAVE_STDINT_H 1
| #define HAVE_UNISTD_H 1
| /* end confdefs.h.  */
| #include <stdio.h>
| #ifdef HAVE_SYS_TYPES_H
| # include <sys/types.h>
| #endif
| #ifdef HAVE_SYS_STAT_H
| # include <sys/stat.h>
| #endif
| #ifdef STDC_HEADERS
| # include <stdlib.h>
| # include <stddef.h>
| #else
| # ifdef HAVE_STDLIB_H
| #  include <stdlib.h>
| # endif
| #endif
| #ifdef HAVE_STRING_H
| # if !defined STDC_HEADERS && defined HAVE_MEMORY_H
| #  include <memory.h>
| # endif
| # include <string.h>
| #endif
| #ifdef HAVE_STRINGS_H
| # include <strings.h>
| #endif
| #ifdef HAVE_INTTYPES_H
| # include <inttypes.h>
| #endif
| #ifdef HAVE_STDINT_H
| # include <stdint.h>
| #endif
| #ifdef HAVE_UNISTD_H
| # include <unistd.h>
| #endif
| #include <libcss/libcss.h>
configure:4168: result: no
configure:4168: checking libcss/libcss.h presence
configure:4168: /usr/lib/emscripten/emcc -E  conftest.c
conftest.c:21:10: fatal error: 'libcss/libcss.h' file not found
#include <libcss/libcss.h>
         ^~~~~~~~~~~~~~~~~
1 error generated.
configure:4168: $? = 1
configure: failed program was:
| /* confdefs.h */
| #define PACKAGE_NAME "example"
| #define PACKAGE_TARNAME "example"
| #define PACKAGE_VERSION "0.1"
| #define PACKAGE_STRING "example 0.1"
| #define PACKAGE_BUGREPORT "lcneves@gmail.com"
| #define PACKAGE_URL ""
| #define PACKAGE "example"
| #define VERSION "0.1"
| #define STDC_HEADERS 1
| #define HAVE_SYS_TYPES_H 1
| #define HAVE_SYS_STAT_H 1
| #define HAVE_STDLIB_H 1
| #define HAVE_STRING_H 1
| #define HAVE_MEMORY_H 1
| #define HAVE_STRINGS_H 1
| #define HAVE_INTTYPES_H 1
| #define HAVE_STDINT_H 1
| #define HAVE_UNISTD_H 1
| /* end confdefs.h.  */
| #include <libcss/libcss.h>
configure:4168: result: no
configure:4168: checking for libcss/libcss.h
configure:4168: result: no
configure:4178: checking for  in -llibwapcaplet
configure:4203: /usr/lib/emscripten/emcc -o conftest    conftest.c -llibwapcaplet   >&5
WARNING:root:emcc: cannot find library "libwapcaplet"
conftest.c:28:8: error: expected identifier or '('
char  ();
       ^
conftest.c:32:10: error: expected expression
return  ();
         ^
2 errors generated.
ERROR:root:compiler frontend failed to generate LLVM bitcode, halting
configure:4203: $? = 1
configure: failed program was:
| /* confdefs.h */
| #define PACKAGE_NAME "example"
| #define PACKAGE_TARNAME "example"
| #define PACKAGE_VERSION "0.1"
| #define PACKAGE_STRING "example 0.1"
| #define PACKAGE_BUGREPORT "lcneves@gmail.com"
| #define PACKAGE_URL ""
| #define PACKAGE "example"
| #define VERSION "0.1"
| #define STDC_HEADERS 1
| #define HAVE_SYS_TYPES_H 1
| #define HAVE_SYS_STAT_H 1
| #define HAVE_STDLIB_H 1
| #define HAVE_STRING_H 1
| #define HAVE_MEMORY_H 1
| #define HAVE_STRINGS_H 1
| #define HAVE_INTTYPES_H 1
| #define HAVE_STDINT_H 1
| #define HAVE_UNISTD_H 1
| /* end confdefs.h.  */
| 
| /* Override any GCC internal prototype to avoid an error.
|    Use char because int might match the return type of a GCC
|    builtin and then its argument prototype would still apply.  */
| #ifdef __cplusplus
| extern "C"
| #endif
| char  ();
| int
| main ()
| {
| return  ();
|   ;
|   return 0;
| }
configure:4212: result: no
configure:4225: checking libwapcaplet/libwapcaplet.h usability
configure:4225: /usr/lib/emscripten/emcc -c   conftest.c >&5
conftest.c:54:10: fatal error: 'libwapcaplet/libwapcaplet.h' file not found
#include <libwapcaplet/libwapcaplet.h>
         ^~~~~~~~~~~~~~~~~~~~~~~~~~~~~
1 error generated.
ERROR:root:compiler frontend failed to generate LLVM bitcode, halting
configure:4225: $? = 1
configure: failed program was:
| /* confdefs.h */
| #define PACKAGE_NAME "example"
| #define PACKAGE_TARNAME "example"
| #define PACKAGE_VERSION "0.1"
| #define PACKAGE_STRING "example 0.1"
| #define PACKAGE_BUGREPORT "lcneves@gmail.com"
| #define PACKAGE_URL ""
| #define PACKAGE "example"
| #define VERSION "0.1"
| #define STDC_HEADERS 1
| #define HAVE_SYS_TYPES_H 1
| #define HAVE_SYS_STAT_H 1
| #define HAVE_STDLIB_H 1
| #define HAVE_STRING_H 1
| #define HAVE_MEMORY_H 1
| #define HAVE_STRINGS_H 1
| #define HAVE_INTTYPES_H 1
| #define HAVE_STDINT_H 1
| #define HAVE_UNISTD_H 1
| /* end confdefs.h.  */
| #include <stdio.h>
| #ifdef HAVE_SYS_TYPES_H
| # include <sys/types.h>
| #endif
| #ifdef HAVE_SYS_STAT_H
| # include <sys/stat.h>
| #endif
| #ifdef STDC_HEADERS
| # include <stdlib.h>
| # include <stddef.h>
| #else
| # ifdef HAVE_STDLIB_H
| #  include <stdlib.h>
| # endif
| #endif
| #ifdef HAVE_STRING_H
| # if !defined STDC_HEADERS && defined HAVE_MEMORY_H
| #  include <memory.h>
| # endif
| # include <string.h>
| #endif
| #ifdef HAVE_STRINGS_H
| # include <strings.h>
| #endif
| #ifdef HAVE_INTTYPES_H
| # include <inttypes.h>
| #endif
| #ifdef HAVE_STDINT_H
| # include <stdint.h>
| #endif
| #ifdef HAVE_UNISTD_H
| # include <unistd.h>
| #endif
| #include <libwapcaplet/libwapcaplet.h>
configure:4225: result: no
configure:4225: checking libwapcaplet/libwapcaplet.h presence
configure:4225: /usr/lib/emscripten/emcc -E  conftest.c
conftest.c:21:10: fatal error: 'libwapcaplet/libwapcaplet.h' file not found
#include <libwapcaplet/libwapcaplet.h>
         ^~~~~~~~~~~~~~~~~~~~~~~~~~~~~
1 error generated.
configure:4225: $? = 1
configure: failed program was:
| /* confdefs.h */
| #define PACKAGE_NAME "example"
| #define PACKAGE_TARNAME "example"
| #define PACKAGE_VERSION "0.1"
| #define PACKAGE_STRING "example 0.1"
| #define PACKAGE_BUGREPORT "lcneves@gmail.com"
| #define PACKAGE_URL ""
| #define PACKAGE "example"
| #define VERSION "0.1"
| #define STDC_HEADERS 1
| #define HAVE_SYS_TYPES_H 1
| #define HAVE_SYS_STAT_H 1
| #define HAVE_STDLIB_H 1
| #define HAVE_STRING_H 1
| #define HAVE_MEMORY_H 1
| #define HAVE_STRINGS_H 1
| #define HAVE_INTTYPES_H 1
| #define HAVE_STDINT_H 1
| #define HAVE_UNISTD_H 1
| /* end confdefs.h.  */
| #include <libwapcaplet/libwapcaplet.h>
configure:4225: result: no
configure:4225: checking for libwapcaplet/libwapcaplet.h
configure:4225: result: no
configure:4235: checking for  in -llibparserutils
configure:4260: /usr/lib/emscripten/emcc -o conftest    conftest.c -llibparserutils   >&5
WARNING:root:emcc: cannot find library "libparserutils"
conftest.c:28:8: error: expected identifier or '('
char  ();
       ^
conftest.c:32:10: error: expected expression
return  ();
         ^
2 errors generated.
ERROR:root:compiler frontend failed to generate LLVM bitcode, halting
configure:4260: $? = 1
configure: failed program was:
| /* confdefs.h */
| #define PACKAGE_NAME "example"
| #define PACKAGE_TARNAME "example"
| #define PACKAGE_VERSION "0.1"
| #define PACKAGE_STRING "example 0.1"
| #define PACKAGE_BUGREPORT "lcneves@gmail.com"
| #define PACKAGE_URL ""
| #define PACKAGE "example"
| #define VERSION "0.1"
| #define STDC_HEADERS 1
| #define HAVE_SYS_TYPES_H 1
| #define HAVE_SYS_STAT_H 1
| #define HAVE_STDLIB_H 1
| #define HAVE_STRING_H 1
| #define HAVE_MEMORY_H 1
| #define HAVE_STRINGS_H 1
| #define HAVE_INTTYPES_H 1
| #define HAVE_STDINT_H 1
| #define HAVE_UNISTD_H 1
| /* end confdefs.h.  */
| 
| /* Override any GCC internal prototype to avoid an error.
|    Use char because int might match the return type of a GCC
|    builtin and then its argument prototype would still apply.  */
| #ifdef __cplusplus
| extern "C"
| #endif
| char  ();
| int
| main ()
| {
| return  ();
|   ;
|   return 0;
| }
configure:4269: result: no
configure:4282: checking libparserutils/parserutils.h usability
configure:4282: /usr/lib/emscripten/emcc -c   conftest.c >&5
conftest.c:54:10: fatal error: 'libparserutils/parserutils.h' file not found
#include <libparserutils/parserutils.h>
         ^~~~~~~~~~~~~~~~~~~~~~~~~~~~~~
1 error generated.
ERROR:root:compiler frontend failed to generate LLVM bitcode, halting
configure:4282: $? = 1
configure: failed program was:
| /* confdefs.h */
| #define PACKAGE_NAME "example"
| #define PACKAGE_TARNAME "example"
| #define PACKAGE_VERSION "0.1"
| #define PACKAGE_STRING "example 0.1"
| #define PACKAGE_BUGREPORT "lcneves@gmail.com"
| #define PACKAGE_URL ""
| #define PACKAGE "example"
| #define VERSION "0.1"
| #define STDC_HEADERS 1
| #define HAVE_SYS_TYPES_H 1
| #define HAVE_SYS_STAT_H 1
| #define HAVE_STDLIB_H 1
| #define HAVE_STRING_H 1
| #define HAVE_MEMORY_H 1
| #define HAVE_STRINGS_H 1
| #define HAVE_INTTYPES_H 1
| #define HAVE_STDINT_H 1
| #define HAVE_UNISTD_H 1
| /* end confdefs.h.  */
| #include <stdio.h>
| #ifdef HAVE_SYS_TYPES_H
| # include <sys/types.h>
| #endif
| #ifdef HAVE_SYS_STAT_H
| # include <sys/stat.h>
| #endif
| #ifdef STDC_HEADERS
| # include <stdlib.h>
| # include <stddef.h>
| #else
| # ifdef HAVE_STDLIB_H
| #  include <stdlib.h>
| # endif
| #endif
| #ifdef HAVE_STRING_H
| # if !defined STDC_HEADERS && defined HAVE_MEMORY_H
| #  include <memory.h>
| # endif
| # include <string.h>
| #endif
| #ifdef HAVE_STRINGS_H
| # include <strings.h>
| #endif
| #ifdef HAVE_INTTYPES_H
| # include <inttypes.h>
| #endif
| #ifdef HAVE_STDINT_H
| # include <stdint.h>
| #endif
| #ifdef HAVE_UNISTD_H
| # include <unistd.h>
| #endif
| #include <libparserutils/parserutils.h>
configure:4282: result: no
configure:4282: checking libparserutils/parserutils.h presence
configure:4282: /usr/lib/emscripten/emcc -E  conftest.c
conftest.c:21:10: fatal error: 'libparserutils/parserutils.h' file not found
#include <libparserutils/parserutils.h>
         ^~~~~~~~~~~~~~~~~~~~~~~~~~~~~~
1 error generated.
configure:4282: $? = 1
configure: failed program was:
| /* confdefs.h */
| #define PACKAGE_NAME "example"
| #define PACKAGE_TARNAME "example"
| #define PACKAGE_VERSION "0.1"
| #define PACKAGE_STRING "example 0.1"
| #define PACKAGE_BUGREPORT "lcneves@gmail.com"
| #define PACKAGE_URL ""
| #define PACKAGE "example"
| #define VERSION "0.1"
| #define STDC_HEADERS 1
| #define HAVE_SYS_TYPES_H 1
| #define HAVE_SYS_STAT_H 1
| #define HAVE_STDLIB_H 1
| #define HAVE_STRING_H 1
| #define HAVE_MEMORY_H 1
| #define HAVE_STRINGS_H 1
| #define HAVE_INTTYPES_H 1
| #define HAVE_STDINT_H 1
| #define HAVE_UNISTD_H 1
| /* end confdefs.h.  */
| #include <libparserutils/parserutils.h>
configure:4282: result: no
configure:4282: checking for libparserutils/parserutils.h
configure:4282: result: no
configure:4439: checking that generated files are newer than configure
configure:4445: result: done
configure:4468: creating ./config.status

## ---------------------- ##
## Running config.status. ##
## ---------------------- ##

This file was extended by example config.status 0.1, which was
generated by GNU Autoconf 2.69.  Invocation command line was

  CONFIG_FILES    = 
  CONFIG_HEADERS  = 
  CONFIG_LINKS    = 
  CONFIG_COMMANDS = 
  $ ./config.status 

on desktop

config.status:776: creating Makefile
config.status:948: executing depfiles commands

## ---------------- ##
## Cache variables. ##
## ---------------- ##

ac_cv_c_compiler_gnu=yes
ac_cv_env_CC_set=set
ac_cv_env_CC_value=/usr/lib/emscripten/emcc
ac_cv_env_CFLAGS_set=set
ac_cv_env_CFLAGS_value=
ac_cv_env_CPPFLAGS_set=
ac_cv_env_CPPFLAGS_value=
ac_cv_env_CPP_set=
ac_cv_env_CPP_value=
ac_cv_env_LDFLAGS_set=
ac_cv_env_LDFLAGS_value=
ac_cv_env_LIBS_set=
ac_cv_env_LIBS_value=
ac_cv_env_build_alias_set=
ac_cv_env_build_alias_value=
ac_cv_env_host_alias_set=
ac_cv_env_host_alias_value=
ac_cv_env_target_alias_set=
ac_cv_env_target_alias_value=
ac_cv_header_inttypes_h=yes
ac_cv_header_libcss_libcss_h=no
ac_cv_header_libparserutils_parserutils_h=no
ac_cv_header_libwapcaplet_libwapcaplet_h=no
ac_cv_header_memory_h=yes
ac_cv_header_stdc=yes
ac_cv_header_stdint_h=yes
ac_cv_header_stdlib_h=yes
ac_cv_header_string_h=yes
ac_cv_header_strings_h=yes
ac_cv_header_sys_stat_h=yes
ac_cv_header_sys_types_h=yes
ac_cv_header_unistd_h=yes
ac_cv_lib_libcss_=no
ac_cv_lib_libparserutils_=no
ac_cv_lib_libwapcaplet_=no
ac_cv_objext=o
ac_cv_path_EGREP='/usr/bin/grep -E'
ac_cv_path_GREP=/usr/bin/grep
ac_cv_path_install='/usr/bin/install -c'
ac_cv_path_mkdir=/usr/bin/mkdir
ac_cv_prog_AWK=gawk
ac_cv_prog_CPP='/usr/lib/emscripten/emcc -E'
ac_cv_prog_ac_ct_CC=/usr/lib/emscripten/emcc
ac_cv_prog_cc_c89=
ac_cv_prog_cc_g=yes
ac_cv_prog_make_make_set=yes
am_cv_CC_dependencies_compiler_type=gcc3
am_cv_make_support_nested_variables=yes
am_cv_prog_cc_c_o=yes

## ----------------- ##
## Output variables. ##
## ----------------- ##

ACLOCAL='${SHELL} /home/lucas/dev/random/libcss-bc/src/missing aclocal-1.15'
AMDEPBACKSLASH='\'
AMDEP_FALSE='#'
AMDEP_TRUE=''
AMTAR='$${TAR-tar}'
AM_BACKSLASH='\'
AM_DEFAULT_V='$(AM_DEFAULT_VERBOSITY)'
AM_DEFAULT_VERBOSITY='1'
AM_V='$(V)'
AUTOCONF='${SHELL} /home/lucas/dev/random/libcss-bc/src/missing autoconf'
AUTOHEADER='${SHELL} /home/lucas/dev/random/libcss-bc/src/missing autoheader'
AUTOMAKE='${SHELL} /home/lucas/dev/random/libcss-bc/src/missing automake-1.15'
AWK='gawk'
CC='/usr/lib/emscripten/emcc'
CCDEPMODE='depmode=gcc3'
CFLAGS=''
CPP='/usr/lib/emscripten/emcc -E'
CPPFLAGS=''
CYGPATH_W='echo'
DEFS='-DPACKAGE_NAME=\"example\" -DPACKAGE_TARNAME=\"example\" -DPACKAGE_VERSION=\"0.1\" -DPACKAGE_STRING=\"example\ 0.1\" -DPACKAGE_BUGREPORT=\"lcneves@gmail.com\" -DPACKAGE_URL=\"\" -DPACKAGE=\"example\" -DVERSION=\"0.1\" -DSTDC_HEADERS=1 -DHAVE_SYS_TYPES_H=1 -DHAVE_SYS_STAT_H=1 -DHAVE_STDLIB_H=1 -DHAVE_STRING_H=1 -DHAVE_MEMORY_H=1 -DHAVE_STRINGS_H=1 -DHAVE_INTTYPES_H=1 -DHAVE_STDINT_H=1 -DHAVE_UNISTD_H=1'
DEPDIR='.deps'
ECHO_C=''
ECHO_N='-n'
ECHO_T=''
EGREP='/usr/bin/grep -E'
EXEEXT=''
GREP='/usr/bin/grep'
INSTALL_DATA='${INSTALL} -m 644'
INSTALL_PROGRAM='${INSTALL}'
INSTALL_SCRIPT='${INSTALL}'
INSTALL_STRIP_PROGRAM='$(install_sh) -c -s'
LDFLAGS=''
LIBOBJS=''
LIBS=''
LTLIBOBJS=''
MAKEINFO='${SHELL} /home/lucas/dev/random/libcss-bc/src/missing makeinfo'
MKDIR_P='/usr/bin/mkdir -p'
OBJEXT='o'
PACKAGE='example'
PACKAGE_BUGREPORT='lcneves@gmail.com'
PACKAGE_NAME='example'
PACKAGE_STRING='example 0.1'
PACKAGE_TARNAME='example'
PACKAGE_URL=''
PACKAGE_VERSION='0.1'
PATH_SEPARATOR=':'
SET_MAKE=''
SHELL='/bin/sh'
STRIP=''
VERSION='0.1'
ac_ct_CC='/usr/lib/emscripten/emcc'
am__EXEEXT_FALSE=''
am__EXEEXT_TRUE='#'
am__fastdepCC_FALSE='#'
am__fastdepCC_TRUE=''
am__include='include'
am__isrc=''
am__leading_dot='.'
am__nodep='_no'
am__quote=''
am__tar='$${TAR-tar} chof - "$$tardir"'
am__untar='$${TAR-tar} xf -'
bindir='${exec_prefix}/bin'
build_alias=''
datadir='${datarootdir}'
datarootdir='${prefix}/share'
docdir='${datarootdir}/doc/${PACKAGE_TARNAME}'
dvidir='${docdir}'
exec_prefix='${prefix}'
host_alias=''
htmldir='${docdir}'
includedir='${prefix}/include'
infodir='${datarootdir}/info'
install_sh='${SHELL} /home/lucas/dev/random/libcss-bc/src/install-sh'
libdir='${exec_prefix}/lib'
libexecdir='${exec_prefix}/libexec'
localedir='${datarootdir}/locale'
localstatedir='${prefix}/var'
mandir='${datarootdir}/man'
mkdir_p='$(MKDIR_P)'
oldincludedir='/usr/include'
pdfdir='${docdir}'
prefix='/usr/local'
program_transform_name='s,x,x,'
psdir='${docdir}'
sbindir='${exec_prefix}/sbin'
sharedstatedir='${prefix}/com'
sysconfdir='${prefix}/etc'
target_alias=''

## ----------- ##
## confdefs.h. ##
## ----------- ##

/* confdefs.h */
#define PACKAGE_NAME "example"
#define PACKAGE_TARNAME "example"
#define PACKAGE_VERSION "0.1"
#define PACKAGE_STRING "example 0.1"
#define PACKAGE_BUGREPORT "lcneves@gmail.com"
#define PACKAGE_URL ""
#define PACKAGE "example"
#define VERSION "0.1"
#define STDC_HEADERS 1
#define HAVE_SYS_TYPES_H 1
#define HAVE_SYS_STAT_H 1
#define HAVE_STDLIB_H 1
#define HAVE_STRING_H 1
#define HAVE_MEMORY_H 1
#define HAVE_STRINGS_H 1
#define HAVE_INTTYPES_H 1
#define HAVE_STDINT_H 1
#define HAVE_UNISTD_H 1

configure: exit 0
